This is pdfTeX, Version 3.141592653-2.6-1.40.25 (TeX Live 2023/Debian) (preloaded format=pdflatex 2025.8.12)  1 SEP 2025 21:57
entering extended mode
 restricted \write18 enabled.
 file:line:error style messages enabled.
 %&-line parsing enabled.
**/home/electricwhelk/FinalProject/Writeup/writeup
(/home/electricwhelk/FinalProject/Writeup/writeup.tex
LaTeX2e <2023-11-01> patch level 1
L3 programming layer <2024-01-22>
(/usr/share/texlive/texmf-dist/tex/latex/base/article.cls
Document Class: article 2023/05/17 v1.4n Standard LaTeX document class
(/usr/share/texlive/texmf-dist/tex/latex/base/size10.clo
File: size10.clo 2023/05/17 v1.4n Standard LaTeX file (size option)
)
\c@part=\count187
\c@section=\count188
\c@subsection=\count189
\c@subsubsection=\count190
\c@paragraph=\count191
\c@subparagraph=\count192
\c@figure=\count193
\c@table=\count194
\abovecaptionskip=\skip48
\belowcaptionskip=\skip49
\bibindent=\dimen140
) (/usr/share/texlive/texmf-dist/tex/latex/graphics/graphicx.sty
Package: graphicx 2021/09/16 v1.2d Enhanced LaTeX Graphics (DPC,SPQR)
 (/usr/share/texlive/texmf-dist/tex/latex/graphics/keyval.sty
Package: keyval 2022/05/29 v1.15 key=value parser (DPC)
\KV@toks@=\toks17
) (/usr/share/texlive/texmf-dist/tex/latex/graphics/graphics.sty
Package: graphics 2022/03/10 v1.4e Standard LaTeX Graphics (DPC,SPQR)
 (/usr/share/texlive/texmf-dist/tex/latex/graphics/trig.sty
Package: trig 2021/08/11 v1.11 sin cos tan (DPC)
) (/usr/share/texlive/texmf-dist/tex/latex/graphics-cfg/graphics.cfg
File: graphics.cfg 2016/06/04 v1.11 sample graphics configuration
)
Package graphics Info: Driver file: pdftex.def on input line 107.
 (/usr/share/texlive/texmf-dist/tex/latex/graphics-def/pdftex.def
File: pdftex.def 2022/09/22 v1.2b Graphics/color driver for pdftex
))
\Gin@req@height=\dimen141
\Gin@req@width=\dimen142
) (/usr/share/texlive/texmf-dist/tex/latex/tools/array.sty
Package: array 2023/10/16 v2.5g Tabular extension package (FMi)
\col@sep=\dimen143
\ar@mcellbox=\box51
\extrarowheight=\dimen144
\NC@list=\toks18
\extratabsurround=\skip50
\backup@length=\skip51
\ar@cellbox=\box52
) (/usr/share/texlive/texmf-dist/tex/latex/biblatex/biblatex.sty
Package: biblatex 2023/03/05 v3.19 programmable bibliographies (PK/MW)
 (/usr/share/texlive/texmf-dist/tex/generic/pdftexcmds/pdftexcmds.sty
Package: pdftexcmds 2020-06-27 v0.33 Utility functions of pdfTeX for LuaTeX (HO)
 (/usr/share/texlive/texmf-dist/tex/generic/infwarerr/infwarerr.sty
Package: infwarerr 2019/12/03 v1.5 Providing info/warning/error messages (HO)
) (/usr/share/texlive/texmf-dist/tex/generic/iftex/iftex.sty
Package: iftex 2022/02/03 v1.0f TeX engine tests
) (/usr/share/texlive/texmf-dist/tex/generic/ltxcmds/ltxcmds.sty
Package: ltxcmds 2023-12-04 v1.26 LaTeX kernel commands for general use (HO)
)
Package pdftexcmds Info: \pdf@primitive is available.
Package pdftexcmds Info: \pdf@ifprimitive is available.
Package pdftexcmds Info: \pdfdraftmode found.
) (/usr/share/texlive/texmf-dist/tex/latex/etoolbox/etoolbox.sty
Package: etoolbox 2020/10/05 v2.5k e-TeX tools for LaTeX (JAW)
\etb@tempcnta=\count195
) (/usr/share/texlive/texmf-dist/tex/latex/kvoptions/kvoptions.sty
Package: kvoptions 2022-06-15 v3.15 Key value format for package options (HO)
 (/usr/share/texlive/texmf-dist/tex/latex/kvsetkeys/kvsetkeys.sty
Package: kvsetkeys 2022-10-05 v1.19 Key value parser (HO)
)) (/usr/share/texlive/texmf-dist/tex/latex/logreq/logreq.sty
Package: logreq 2010/08/04 v1.0 xml request logger
\lrq@indent=\count196
 (/usr/share/texlive/texmf-dist/tex/latex/logreq/logreq.def
File: logreq.def 2010/08/04 v1.0 logreq spec v1.0
)) (/usr/share/texlive/texmf-dist/tex/latex/base/ifthen.sty
Package: ifthen 2022/04/13 v1.1d Standard LaTeX ifthen package (DPC)
) (/usr/share/texlive/texmf-dist/tex/latex/url/url.sty
\Urlmuskip=\muskip16
Package: url 2013/09/16  ver 3.4  Verb mode for urls, etc.
)
\c@tabx@nest=\count197
\c@listtotal=\count198
\c@listcount=\count199
\c@liststart=\count266
\c@liststop=\count267
\c@citecount=\count268
\c@citetotal=\count269
\c@multicitecount=\count270
\c@multicitetotal=\count271
\c@instcount=\count272
\c@maxnames=\count273
\c@minnames=\count274
\c@maxitems=\count275
\c@minitems=\count276
\c@citecounter=\count277
\c@maxcitecounter=\count278
\c@savedcitecounter=\count279
\c@uniquelist=\count280
\c@uniquename=\count281
\c@refsection=\count282
\c@refsegment=\count283
\c@maxextratitle=\count284
\c@maxextratitleyear=\count285
\c@maxextraname=\count286
\c@maxextradate=\count287
\c@maxextraalpha=\count288
\c@abbrvpenalty=\count289
\c@highnamepenalty=\count290
\c@lownamepenalty=\count291
\c@maxparens=\count292
\c@parenlevel=\count293
\blx@tempcnta=\count294
\blx@tempcntb=\count295
\blx@tempcntc=\count296
\c@blx@maxsection=\count297
\blx@maxsegment@0=\count298
\blx@notetype=\count299
\blx@parenlevel@text=\count300
\blx@parenlevel@foot=\count301
\blx@sectionciteorder@0=\count302
\blx@sectionciteorderinternal@0=\count303
\blx@entrysetcounter=\count304
\blx@biblioinstance=\count305
\labelnumberwidth=\skip52
\labelalphawidth=\skip53
\biblabelsep=\skip54
\bibitemsep=\skip55
\bibnamesep=\skip56
\bibinitsep=\skip57
\bibparsep=\skip58
\bibhang=\skip59
\blx@bcfin=\read2
\blx@bcfout=\write3
\blx@langwohyphens=\language5
\c@mincomprange=\count306
\c@maxcomprange=\count307
\c@mincompwidth=\count308
Package biblatex Info: Trying to load biblatex default data model...
Package biblatex Info: ... file 'blx-dm.def' found.
 (/usr/share/texlive/texmf-dist/tex/latex/biblatex/blx-dm.def
File: blx-dm.def 2023/03/05 v3.19 biblatex localization (PK/MW)
)
Package biblatex Info: Trying to load biblatex style data model...
Package biblatex Info: ... file 'numeric.dbx' not found.
Package biblatex Info: Trying to load biblatex custom data model...
Package biblatex Info: ... file 'biblatex-dm.cfg' not found.
\c@afterword=\count309
\c@savedafterword=\count310
\c@annotator=\count311
\c@savedannotator=\count312
\c@author=\count313
\c@savedauthor=\count314
\c@bookauthor=\count315
\c@savedbookauthor=\count316
\c@commentator=\count317
\c@savedcommentator=\count318
\c@editor=\count319
\c@savededitor=\count320
\c@editora=\count321
\c@savededitora=\count322
\c@editorb=\count323
\c@savededitorb=\count324
\c@editorc=\count325
\c@savededitorc=\count326
\c@foreword=\count327
\c@savedforeword=\count328
\c@holder=\count329
\c@savedholder=\count330
\c@introduction=\count331
\c@savedintroduction=\count332
\c@namea=\count333
\c@savednamea=\count334
\c@nameb=\count335
\c@savednameb=\count336
\c@namec=\count337
\c@savednamec=\count338
\c@translator=\count339
\c@savedtranslator=\count340
\c@shortauthor=\count341
\c@savedshortauthor=\count342
\c@shorteditor=\count343
\c@savedshorteditor=\count344
\c@labelname=\count345
\c@savedlabelname=\count346
\c@institution=\count347
\c@savedinstitution=\count348
\c@lista=\count349
\c@savedlista=\count350
\c@listb=\count351
\c@savedlistb=\count352
\c@listc=\count353
\c@savedlistc=\count354
\c@listd=\count355
\c@savedlistd=\count356
\c@liste=\count357
\c@savedliste=\count358
\c@listf=\count359
\c@savedlistf=\count360
\c@location=\count361
\c@savedlocation=\count362
\c@organization=\count363
\c@savedorganization=\count364
\c@origlocation=\count365
\c@savedoriglocation=\count366
\c@origpublisher=\count367
\c@savedorigpublisher=\count368
\c@publisher=\count369
\c@savedpublisher=\count370
\c@language=\count371
\c@savedlanguage=\count372
\c@origlanguage=\count373
\c@savedoriglanguage=\count374
\c@pageref=\count375
\c@savedpageref=\count376
\shorthandwidth=\skip60
\shortjournalwidth=\skip61
\shortserieswidth=\skip62
\shorttitlewidth=\skip63
\shortauthorwidth=\skip64
\shorteditorwidth=\skip65
\locallabelnumberwidth=\skip66
\locallabelalphawidth=\skip67
\localshorthandwidth=\skip68
\localshortjournalwidth=\skip69
\localshortserieswidth=\skip70
\localshorttitlewidth=\skip71
\localshortauthorwidth=\skip72
\localshorteditorwidth=\skip73
Package biblatex Info: Trying to load compatibility code...
Package biblatex Info: ... file 'blx-compat.def' found.
 (/usr/share/texlive/texmf-dist/tex/latex/biblatex/blx-compat.def
File: blx-compat.def 2023/03/05 v3.19 biblatex compatibility (PK/MW)
)
Package biblatex Info: Trying to load generic definitions...
Package biblatex Info: ... file 'biblatex.def' found.
 (/usr/share/texlive/texmf-dist/tex/latex/biblatex/biblatex.def
File: biblatex.def 2023/03/05 v3.19 biblatex compatibility (PK/MW)
\c@textcitecount=\count377
\c@textcitetotal=\count378
\c@textcitemaxnames=\count379
\c@biburlbigbreakpenalty=\count380
\c@biburlbreakpenalty=\count381
\c@biburlnumpenalty=\count382
\c@biburlucpenalty=\count383
\c@biburllcpenalty=\count384
\biburlbigskip=\muskip17
\biburlnumskip=\muskip18
\biburlucskip=\muskip19
\biburllcskip=\muskip20
\c@smartand=\count385
)
Package biblatex Info: Trying to load bibliography style 'numeric'...
Package biblatex Info: ... file 'numeric.bbx' found.
 (/usr/share/texlive/texmf-dist/tex/latex/biblatex/bbx/numeric.bbx
File: numeric.bbx 2023/03/05 v3.19 biblatex bibliography style (PK/MW)
Package biblatex Info: Trying to load bibliography style 'standard'...
Package biblatex Info: ... file 'standard.bbx' found.
 (/usr/share/texlive/texmf-dist/tex/latex/biblatex/bbx/standard.bbx
File: standard.bbx 2023/03/05 v3.19 biblatex bibliography style (PK/MW)
\c@bbx:relatedcount=\count386
\c@bbx:relatedtotal=\count387
))
Package biblatex Info: Trying to load citation style 'numeric'...
Package biblatex Info: ... file 'numeric.cbx' found.
 (/usr/share/texlive/texmf-dist/tex/latex/biblatex/cbx/numeric.cbx
File: numeric.cbx 2023/03/05 v3.19 biblatex citation style (PK/MW)
Package biblatex Info: Redefining '\cite'.
Package biblatex Info: Redefining '\parencite'.
Package biblatex Info: Redefining '\footcite'.
Package biblatex Info: Redefining '\footcitetext'.
Package biblatex Info: Redefining '\smartcite'.
Package biblatex Info: Redefining '\supercite'.
Package biblatex Info: Redefining '\textcite'.
Package biblatex Info: Redefining '\textcites'.
Package biblatex Info: Redefining '\cites'.
Package biblatex Info: Redefining '\parencites'.
Package biblatex Info: Redefining '\smartcites'.
)
Package biblatex Info: Trying to load configuration file...
Package biblatex Info: ... file 'biblatex.cfg' found.
 (/usr/share/texlive/texmf-dist/tex/latex/biblatex/biblatex.cfg
File: biblatex.cfg 
)
Package biblatex Info: Input encoding 'utf8' detected.
Package biblatex Info: Document encoding is UTF8 ....
 (/usr/share/texlive/texmf-dist/tex/latex/l3kernel/expl3.sty
Package: expl3 2024-01-22 L3 programming layer (loader) 
 (/usr/share/texlive/texmf-dist/tex/latex/l3backend/l3backend-pdftex.def
File: l3backend-pdftex.def 2024-01-04 L3 backend support: PDF output (pdfTeX)
\l__color_backend_stack_int=\count388
\l__pdf_internal_box=\box53
))
Package biblatex Info: ... and expl3
(biblatex)             2024-01-22 L3 programming layer (loader) 
(biblatex)             is new enough (at least 2020/04/06),
(biblatex)             setting 'casechanger=expl3'.
 (/usr/share/texlive/texmf-dist/tex/latex/biblatex/blx-case-expl3.sty (/usr/share/texlive/texmf-dist/tex/latex/l3packages/xparse/xparse.sty
Package: xparse 2023-10-10 L3 Experimental document command parser
)
Package: blx-case-expl3 2023/03/05 v3.19 expl3 case changing code for biblatex
)) (/usr/share/texlive/texmf-dist/tex/latex/gensymb/gensymb.sty
Package: gensymb 2022/10/17 v1.0.2 (KJH)
) (/usr/share/texlive/texmf-dist/tex/latex/amsmath/amsmath.sty
Package: amsmath 2023/05/13 v2.17o AMS math features
\@mathmargin=\skip74

For additional information on amsmath, use the `?' option.
(/usr/share/texlive/texmf-dist/tex/latex/amsmath/amstext.sty
Package: amstext 2021/08/26 v2.01 AMS text
 (/usr/share/texlive/texmf-dist/tex/latex/amsmath/amsgen.sty
File: amsgen.sty 1999/11/30 v2.0 generic functions
\@emptytoks=\toks19
\ex@=\dimen145
)) (/usr/share/texlive/texmf-dist/tex/latex/amsmath/amsbsy.sty
Package: amsbsy 1999/11/29 v1.2d Bold Symbols
\pmbraise@=\dimen146
) (/usr/share/texlive/texmf-dist/tex/latex/amsmath/amsopn.sty
Package: amsopn 2022/04/08 v2.04 operator names
)
\inf@bad=\count389
LaTeX Info: Redefining \frac on input line 234.
\uproot@=\count390
\leftroot@=\count391
LaTeX Info: Redefining \overline on input line 399.
LaTeX Info: Redefining \colon on input line 410.
\classnum@=\count392
\DOTSCASE@=\count393
LaTeX Info: Redefining \ldots on input line 496.
LaTeX Info: Redefining \dots on input line 499.
LaTeX Info: Redefining \cdots on input line 620.
\Mathstrutbox@=\box54
\strutbox@=\box55
LaTeX Info: Redefining \big on input line 722.
LaTeX Info: Redefining \Big on input line 723.
LaTeX Info: Redefining \bigg on input line 724.
LaTeX Info: Redefining \Bigg on input line 725.
\big@size=\dimen147
LaTeX Font Info:    Redeclaring font encoding OML on input line 743.
LaTeX Font Info:    Redeclaring font encoding OMS on input line 744.
\macc@depth=\count394
LaTeX Info: Redefining \bmod on input line 905.
LaTeX Info: Redefining \pmod on input line 910.
LaTeX Info: Redefining \smash on input line 940.
LaTeX Info: Redefining \relbar on input line 970.
LaTeX Info: Redefining \Relbar on input line 971.
\c@MaxMatrixCols=\count395
\dotsspace@=\muskip21
\c@parentequation=\count396
\dspbrk@lvl=\count397
\tag@help=\toks20
\row@=\count398
\column@=\count399
\maxfields@=\count400
\andhelp@=\toks21
\eqnshift@=\dimen148
\alignsep@=\dimen149
\tagshift@=\dimen150
\tagwidth@=\dimen151
\totwidth@=\dimen152
\lineht@=\dimen153
\@envbody=\toks22
\multlinegap=\skip75
\multlinetaggap=\skip76
\mathdisplay@stack=\toks23
LaTeX Info: Redefining \[ on input line 2953.
LaTeX Info: Redefining \] on input line 2954.
) (/usr/share/texlive/texmf-dist/tex/latex/makecell/makecell.sty
Package: makecell 2009/08/03 V0.1e Managing of Tab Column Heads and Cells
\rotheadsize=\dimen154
\c@nlinenum=\count401
\TeXr@lab=\toks24
) (/usr/share/texlive/texmf-dist/tex/latex/geometry/geometry.sty
Package: geometry 2020/01/02 v5.9 Page Geometry
 (/usr/share/texlive/texmf-dist/tex/generic/iftex/ifvtex.sty
Package: ifvtex 2019/10/25 v1.7 ifvtex legacy package. Use iftex instead.
)
\Gm@cnth=\count402
\Gm@cntv=\count403
\c@Gm@tempcnt=\count404
\Gm@bindingoffset=\dimen155
\Gm@wd@mp=\dimen156
\Gm@odd@mp=\dimen157
\Gm@even@mp=\dimen158
\Gm@layoutwidth=\dimen159
\Gm@layoutheight=\dimen160
\Gm@layouthoffset=\dimen161
\Gm@layoutvoffset=\dimen162
\Gm@dimlist=\toks25
) (/usr/share/texlive/texmf-dist/tex/latex/listings/listings.sty
\lst@mode=\count405
\lst@gtempboxa=\box56
\lst@token=\toks26
\lst@length=\count406
\lst@currlwidth=\dimen163
\lst@column=\count407
\lst@pos=\count408
\lst@lostspace=\dimen164
\lst@width=\dimen165
\lst@newlines=\count409
\lst@lineno=\count410
\lst@maxwidth=\dimen166
 (/usr/share/texlive/texmf-dist/tex/latex/listings/lstmisc.sty
File: lstmisc.sty 2023/02/27 1.9 (Carsten Heinz)
\c@lstnumber=\count411
\lst@skipnumbers=\count412
\lst@framebox=\box57
) (/usr/share/texlive/texmf-dist/tex/latex/listings/listings.cfg
File: listings.cfg 2023/02/27 1.9 listings configuration
))
Package: listings 2023/02/27 1.9 (Carsten Heinz)
\@quotelevel=\count413
\@quotereset=\count414
 (./writeup.aux)
\openout1 = `writeup.aux'.

LaTeX Font Info:    Checking defaults for OML/cmm/m/it on input line 27.
LaTeX Font Info:    ... okay on input line 27.
LaTeX Font Info:    Checking defaults for OMS/cmsy/m/n on input line 27.
LaTeX Font Info:    ... okay on input line 27.
LaTeX Font Info:    Checking defaults for OT1/cmr/m/n on input line 27.
LaTeX Font Info:    ... okay on input line 27.
LaTeX Font Info:    Checking defaults for T1/cmr/m/n on input line 27.
LaTeX Font Info:    ... okay on input line 27.
LaTeX Font Info:    Checking defaults for TS1/cmr/m/n on input line 27.
LaTeX Font Info:    ... okay on input line 27.
LaTeX Font Info:    Checking defaults for OMX/cmex/m/n on input line 27.
LaTeX Font Info:    ... okay on input line 27.
LaTeX Font Info:    Checking defaults for U/cmr/m/n on input line 27.
LaTeX Font Info:    ... okay on input line 27.
 (/usr/share/texlive/texmf-dist/tex/context/base/mkii/supp-pdf.mkii
[Loading MPS to PDF converter (version 2006.09.02).]
\scratchcounter=\count415
\scratchdimen=\dimen167
\scratchbox=\box58
\nofMPsegments=\count416
\nofMParguments=\count417
\everyMPshowfont=\toks27
\MPscratchCnt=\count418
\MPscratchDim=\dimen168
\MPnumerator=\count419
\makeMPintoPDFobject=\count420
\everyMPtoPDFconversion=\toks28
) (/usr/share/texlive/texmf-dist/tex/latex/epstopdf-pkg/epstopdf-base.sty
Package: epstopdf-base 2020-01-24 v2.11 Base part for package epstopdf
Package epstopdf-base Info: Redefining graphics rule for `.eps' on input line 485.
 (/usr/share/texlive/texmf-dist/tex/latex/latexconfig/epstopdf-sys.cfg
File: epstopdf-sys.cfg 2010/07/13 v1.3 Configuration of (r)epstopdf for TeX Live
))
Package biblatex Info: Trying to load language 'english'...
Package biblatex Info: ... file 'english.lbx' found.
 (/usr/share/texlive/texmf-dist/tex/latex/biblatex/lbx/english.lbx
File: english.lbx 2023/03/05 v3.19 biblatex localization (PK/MW)
)
Package biblatex Info: Input encoding 'utf8' detected.
Package biblatex Info: Automatic encoding selection.
(biblatex)             Assuming data encoding 'utf8'.
\openout3 = `writeup.bcf'.

Package biblatex Info: Trying to load bibliographic data...
Package biblatex Info: ... file 'writeup.bbl' found.
 (./writeup.bbl)
Package biblatex Info: Reference section=0 on input line 27.
Package biblatex Info: Reference segment=0 on input line 27.
LaTeX Info: Redefining \celsius on input line 27.
Package gensymb Info: Faking symbols for \degree and \celsius on input line 27.


Package gensymb Warning: Not defining \perthousand.

LaTeX Info: Redefining \ohm on input line 27.
Package gensymb Info: Using \Omega for \ohm on input line 27.

Package gensymb Warning: Not defining \micro.

*geometry* driver: auto-detecting
*geometry* detected driver: pdftex
*geometry* verbose mode - [ preamble ] result:
* driver: pdftex
* paper: <default>
* layout: <same size as paper>
* layoutoffset:(h,v)=(0.0pt,0.0pt)
* modes: 
* h-part:(L,W,R)=(92.14519pt, 430.00462pt, 92.14519pt)
* v-part:(T,H,B)=(95.39737pt, 556.47656pt, 143.09605pt)
* \paperwidth=614.295pt
* \paperheight=794.96999pt
* \textwidth=430.00462pt
* \textheight=556.47656pt
* \oddsidemargin=19.8752pt
* \evensidemargin=19.8752pt
* \topmargin=-13.87262pt
* \headheight=12.0pt
* \headsep=25.0pt
* \topskip=10.0pt
* \footskip=30.0pt
* \marginparwidth=65.0pt
* \marginparsep=11.0pt
* \columnsep=10.0pt
* \skip\footins=9.0pt plus 4.0pt minus 2.0pt
* \hoffset=0.0pt
* \voffset=0.0pt
* \mag=1000
* \@twocolumnfalse
* \@twosidefalse
* \@mparswitchfalse
* \@reversemarginfalse
* (1in=72.27pt=25.4mm, 1cm=28.453pt)

\c@lstlisting=\count421
(./writeup.toc [1

{/var/lib/texmf/fonts/map/pdftex/updmap/pdftex.map}] [2])
\tf@toc=\write4
\openout4 = `writeup.toc'.

 [3] [4]
<card_images/e01-85-nicol-bolas-planeswalker.jpg, id=21, 489.83pt x 682.55pt>
File: card_images/e01-85-nicol-bolas-planeswalker.jpg Graphic file (type jpg)
<use card_images/e01-85-nicol-bolas-planeswalker.jpg>
Package pdftex.def Info: card_images/e01-85-nicol-bolas-planeswalker.jpg  used on input line 55.
(pdftex.def)             Requested size: 122.4572pt x 170.63708pt.
 [5 <./card_images/e01-85-nicol-bolas-planeswalker.jpg>]
<card_images/TwoCycles.jpg, id=26, 963.6pt x 449.388pt>
File: card_images/TwoCycles.jpg Graphic file (type jpg)
<use card_images/TwoCycles.jpg>
Package pdftex.def Info: card_images/TwoCycles.jpg  used on input line 85.
(pdftex.def)             Requested size: 385.43317pt x 179.752pt.
 [6] [7 <./card_images/TwoCycles.jpg>] [8] [9] [10] [11]
<card_images/KarstenCurve.jpg, id=50, 963.6pt x 227.34938pt>
File: card_images/KarstenCurve.jpg Graphic file (type jpg)
<use card_images/KarstenCurve.jpg>
Package pdftex.def Info: card_images/KarstenCurve.jpg  used on input line 224.
(pdftex.def)             Requested size: 240.89941pt x 56.8372pt.
 [12 <./card_images/KarstenCurve.jpg>]
<card_images/MTGArenaScreenshot.jpg, id=54, 858.20625pt x 542.025pt>
File: card_images/MTGArenaScreenshot.jpg Graphic file (type jpg)
<use card_images/MTGArenaScreenshot.jpg>
Package pdftex.def Info: card_images/MTGArenaScreenshot.jpg  used on input line 241.
(pdftex.def)             Requested size: 214.55104pt x 135.5059pt.
<card_images/ManaGathering.jpg, id=55, 821.31844pt x 542.025pt>
File: card_images/ManaGathering.jpg Graphic file (type jpg)
<use card_images/ManaGathering.jpg>
Package pdftex.def Info: card_images/ManaGathering.jpg  used on input line 250.
(pdftex.def)             Requested size: 205.3291pt x 135.5059pt.
 [13 <./card_images/MTGArenaScreenshot.jpg>]
<card_images/ArchidektScreenshot.jpg, id=60, 963.6pt x 459.21562pt>
File: card_images/ArchidektScreenshot.jpg Graphic file (type jpg)
<use card_images/ArchidektScreenshot.jpg>
Package pdftex.def Info: card_images/ArchidektScreenshot.jpg  used on input line 259.
(pdftex.def)             Requested size: 240.89941pt x 114.80362pt.
 [14 <./card_images/ManaGathering.jpg> <./card_images/ArchidektScreenshot.jpg>]

LaTeX Warning: Reference `WhyNottoUseSqlalchemy' on page 15 undefined on input line 272.


LaTeX Warning: Reference `manuel2004sage' on page 15 undefined on input line 290.

[15]
<card_images/MockupFrontend.jpg, id=67, 963.6pt x 529.98pt>
File: card_images/MockupFrontend.jpg Graphic file (type jpg)
<use card_images/MockupFrontend.jpg>
Package pdftex.def Info: card_images/MockupFrontend.jpg  used on input line 306.
(pdftex.def)             Requested size: 240.89941pt x 132.49466pt.
 [16 <./card_images/MockupFrontend.jpg>]
<card_images/KanoSurvey.jpg, id=71, 963.6pt x 289.08pt>
File: card_images/KanoSurvey.jpg Graphic file (type jpg)
<use card_images/KanoSurvey.jpg>
Package pdftex.def Info: card_images/KanoSurvey.jpg  used on input line 336.
(pdftex.def)             Requested size: 240.89941pt x 72.26982pt.
 [17]

LaTeX Warning: Reference `sec:thecommanderformat' on page 18 undefined on input line 354.

[18 <./card_images/KanoSurvey.jpg>]

LaTeX Warning: Reference `sec:kanoquestionnaire' on page 19 undefined on input line 362.

[19] [20] [21]
<card_images/mtg2.jpg, id=88, 625.33624pt x 411.5375pt>
File: card_images/mtg2.jpg Graphic file (type jpg)
<use card_images/mtg2.jpg>
Package pdftex.def Info: card_images/mtg2.jpg  used on input line 445.
(pdftex.def)             Requested size: 312.66736pt x 205.76825pt.
 [22 <./card_images/mtg2.jpg>] [23] [24]
LaTeX Font Info:    Trying to load font information for OMS+cmtt on input line 511.
LaTeX Font Info:    No file OMScmtt.fd. on input line 511.


LaTeX Font Warning: Font shape `OMS/cmtt/m/n' undefined
(Font)              using `OMS/cmsy/m/n' instead
(Font)              for symbol `textbraceleft' on input line 511.

<card_images/vergecode.jpg, id=99, 963.6pt x 447.17062pt>
File: card_images/vergecode.jpg Graphic file (type jpg)
<use card_images/vergecode.jpg>
Package pdftex.def Info: card_images/vergecode.jpg  used on input line 517.
(pdftex.def)             Requested size: 240.89941pt x 111.79237pt.
<card_images/checkcode.jpg, id=100, 963.6pt x 415.5525pt>
File: card_images/checkcode.jpg Graphic file (type jpg)
<use card_images/checkcode.jpg>
Package pdftex.def Info: card_images/checkcode.jpg  used on input line 524.
(pdftex.def)             Requested size: 240.89941pt x 103.88786pt.
[25 <./card_images/vergecode.jpg>]
Overfull \hbox (122.99562pt too wide) in paragraph at lines 540--541
[]\OT1/cmr/m/n/10 CardCollections con-tain a list at-tribute, \OT1/cmtt/m/n/10 CardCollection.card[]list\OT1/cmr/m/n/10 , and the spe-cial-ized \OT1/cmtt/m/n/10 CardCollection.give(GameCard,
 []

[26 <./card_images/checkcode.jpg>] [27]
Overfull \hbox (17.73186pt too wide) in paragraph at lines 614--615
[]\OT1/cmtt/m/n/10 filtered[]by[]most[]produced = self.filter[]by[]most[]produced(filtered[]as[]taplands) 
 []

[28] [29]
<card_images/CanonicallyIdentical.jpg, id=119, 445.665pt x 428.145pt>
File: card_images/CanonicallyIdentical.jpg Graphic file (type jpg)
<use card_images/CanonicallyIdentical.jpg>
Package pdftex.def Info: card_images/CanonicallyIdentical.jpg  used on input line 649.
(pdftex.def)             Requested size: 111.41597pt x 107.03598pt.

Underfull \hbox (badness 10000) in paragraph at lines 669--669
[]|\OT1/cmr/m/n/10 A Land for which
 []


Underfull \hbox (badness 10000) in paragraph at lines 671--671
[]|\OT1/cmr/m/n/10 A Land for which
 []


Overfull \hbox (72.39601pt too wide) in paragraph at lines 663--674
 [] 
 []

[30 <./card_images/CanonicallyIdentical.jpg>] [31] [32]
Overfull \hbox (3.14772pt too wide) in paragraph at lines 741--742
\OT1/cmr/m/n/10 When tapped for "Gen" or "None", if \OT1/cmtt/m/n/10 land.committed = None\OT1/cmr/m/n/10 , a sub-land is se-lected via \OT1/cmtt/m/n/10 (\OT1/cmr/m/n/10 game.filter
 []


Overfull \hbox (8.46658pt too wide) in paragraph at lines 744--745
\OT1/cmr/m/n/10 Testing of the Sim-u-la-tor was done via op-tional \OT1/cmtt/m/n/10 samplehand = [] \OT1/cmr/m/n/10 and \OT1/cmtt/m/n/10 sampletopdeck = []\OT1/cmr/m/n/10 arguments
 []

[33]
<card_images/superiority.jpg, id=133, 963.6pt x 123.46124pt>
File: card_images/superiority.jpg Graphic file (type jpg)
<use card_images/superiority.jpg>
Package pdftex.def Info: card_images/superiority.jpg  used on input line 777.
(pdftex.def)             Requested size: 240.89941pt x 30.86522pt.
 [34]

LaTeX Warning: Reference `sec:eachincrement' on page 35 undefined on input line 790.

[35 <./card_images/superiority.jpg>] [36]
<card_images/WastedOutputs.jpg, id=143, 634.62094pt x 161.10187pt>
File: card_images/WastedOutputs.jpg Graphic file (type jpg)
<use card_images/WastedOutputs.jpg>
Package pdftex.def Info: card_images/WastedOutputs.jpg  used on input line 837.
(pdftex.def)             Requested size: 158.65485pt x 40.27536pt.
<card_images/Histograms.jpg, id=144, 544.872pt x 402.084pt>
File: card_images/Histograms.jpg Graphic file (type jpg)
<use card_images/Histograms.jpg>
Package pdftex.def Info: card_images/Histograms.jpg  used on input line 847.
(pdftex.def)             Requested size: 136.21767pt x 100.52075pt.
 [37 <./card_images/WastedOutputs.jpg>]
<card_images/shockvscheck.jpg, id=149, 696.42pt x 254.916pt>
File: card_images/shockvscheck.jpg Graphic file (type jpg)
<use card_images/shockvscheck.jpg>
Package pdftex.def Info: card_images/shockvscheck.jpg  used on input line 864.
(pdftex.def)             Requested size: 174.10457pt x 63.72884pt.
 [38 <./card_images/Histograms.jpg>]

LaTeX Warning: Reference `sec:userchoice' on page 39 undefined on input line 871.


Overfull \hbox (1.69447pt too wide) in paragraph at lines 889--889
[]|\OT1/cmr/m/n/10 MonteCarlo| 
 []


Overfull \hbox (1.69447pt too wide) in paragraph at lines 891--891
[]|\OT1/cmr/m/n/10 MonteCarlo| 
 []

[39 <./card_images/shockvscheck.jpg>] [40]
<card_images/xavsalsampleimprovement.jpg, id=159, 360.59718pt x 270.25969pt>
File: card_images/xavsalsampleimprovement.jpg Graphic file (type jpg)
<use card_images/xavsalsampleimprovement.jpg>
Package pdftex.def Info: card_images/xavsalsampleimprovement.jpg  used on input line 952.
(pdftex.def)             Requested size: 90.14906pt x 67.56474pt.


LaTeX Warning: Reference `fig:savolvsroll' on page 41 undefined on input line 964.

[41 <./card_images/xavsalsampleimprovement.jpg>]
<card_images/savgolvsrollingav.jpg, id=163, 928.998pt x 361.35pt>
File: card_images/savgolvsrollingav.jpg Graphic file (type jpg)
<use card_images/savgolvsrollingav.jpg>
Package pdftex.def Info: card_images/savgolvsrollingav.jpg  used on input line 968.
(pdftex.def)             Requested size: 232.24893pt x 90.33728pt.


LaTeX Warning: Reference `sec:eachincrement' on page 42 undefined on input line 977.

<card_images/bugwugcurves.jpg, id=164, 877.971pt x 489.246pt>
File: card_images/bugwugcurves.jpg Graphic file (type jpg)
<use card_images/bugwugcurves.jpg>
Package pdftex.def Info: card_images/bugwugcurves.jpg  used on input line 983.
(pdftex.def)             Requested size: 219.4922pt x 122.31119pt.
[42 <./card_images/savgolvsrollingav.jpg>] [43 <./card_images/bugwugcurves.jpg>]
<card_images/frontendpageone.jpg, id=172, 907.89188pt x 542.025pt>
File: card_images/frontendpageone.jpg Graphic file (type jpg)
<use card_images/frontendpageone.jpg>
Package pdftex.def Info: card_images/frontendpageone.jpg  used on input line 1023.
(pdftex.def)             Requested size: 226.97241pt x 135.5059pt.
 [44 <./card_images/frontendpageone.jpg>]
<card_images/frontendpagetwo.jpg, id=176, 963.6pt x 474.27188pt>
File: card_images/frontendpagetwo.jpg Graphic file (type jpg)
<use card_images/frontendpagetwo.jpg>
Package pdftex.def Info: card_images/frontendpagetwo.jpg  used on input line 1043.
(pdftex.def)             Requested size: 240.89941pt x 118.56767pt.


LaTeX Warning: Reference `fig.progress' on page 45 undefined on input line 1052.

<card_images/frontendpagetwopfive.jpg, id=177, 304.88907pt x 216.05719pt>
File: card_images/frontendpagetwopfive.jpg Graphic file (type jpg)
<use card_images/frontendpagetwopfive.jpg>
Package pdftex.def Info: card_images/frontendpagetwopfive.jpg  used on input line 1056.
(pdftex.def)             Requested size: 76.22208pt x 54.01416pt.
[45]
<card_images/frontendpagefour.jpg, id=181, 963.6pt x 472.76625pt>
File: card_images/frontendpagefour.jpg Graphic file (type jpg)
<use card_images/frontendpagefour.jpg>
Package pdftex.def Info: card_images/frontendpagefour.jpg  used on input line 1068.
(pdftex.def)             Requested size: 240.89941pt x 118.19127pt.
 [46 <./card_images/frontendpagetwo.jpg> <./card_images/frontendpagetwopfive.jpg>] [47 <./card_images/frontendpagefour.jpg>]

LaTeX Warning: Reference `FilterLands' on page 48 undefined on input line 1088.


LaTeX Warning: Reference `sec:eachincrement' on page 48 undefined on input line 1091.


LaTeX Warning: Reference `bjorke2017deckbuilding' on page 48 undefined on input line 1093.

[48] [49]
Overfull \hbox (59.0069pt too wide) in paragraph at lines 1125--1125
[]\OT1/cmr/m/n/10 Rahul Awati. \OT1/cmr/m/it/10 It-er-a-tive De-vel-op-ment\OT1/cmr/m/n/10 . 2023. \OT1/cmr/m/sc/10 url\OT1/cmr/m/n/10 : $\OT1/cmtt/m/n/10 https : / / www . techtarget . com / searchsoftwarequality /
 []

[50] [51] (./writeup.aux)
 ***********
LaTeX2e <2023-11-01> patch level 1
L3 programming layer <2024-01-22>
 ***********


LaTeX Font Warning: Some font shapes were not available, defaults substituted.


LaTeX Warning: There were undefined references.

Package logreq Info: Writing requests to 'writeup.run.xml'.
\openout1 = `writeup.run.xml'.

 ) 
Here is how much of TeX's memory you used:
 12591 strings out of 476182
 232454 string characters out of 5795595
 1939975 words of memory out of 5000000
 34489 multiletter control sequences out of 15000+600000
 564979 words of font info for 60 fonts, out of 8000000 for 9000
 14 hyphenation exceptions out of 8191
 66i,16n,81p,2096b,1326s stack positions out of 10000i,1000n,20000p,200000b,200000s
 </home/electricwhelk/.texlive2023/texmf-var/fonts/pk/ljfour/jknappen/ec/tcti1000.600pk> </home/electricwhelk/.texlive2023/texmf-var/fonts/pk/ljfour/jknappen/ec/tcrm1000.600pk></usr/share/texlive/texmf-dist/fonts/type1/public/amsfonts/cm/cmbx10.pfb></usr/share/texlive/texmf-dist/fonts/type1/public/amsfonts/cm/cmbx12.pfb></usr/share/texlive/texmf-dist/fonts/type1/public/amsfonts/cm/cmcsc10.pfb></usr/share/texlive/texmf-dist/fonts/type1/public/amsfonts/cm/cmex10.pfb></usr/share/texlive/texmf-dist/fonts/type1/public/amsfonts/cm/cmmi10.pfb></usr/share/texlive/texmf-dist/fonts/type1/public/amsfonts/cm/cmmi7.pfb></usr/share/texlive/texmf-dist/fonts/type1/public/amsfonts/cm/cmr10.pfb></usr/share/texlive/texmf-dist/fonts/type1/public/amsfonts/cm/cmr12.pfb></usr/share/texlive/texmf-dist/fonts/type1/public/amsfonts/cm/cmr17.pfb></usr/share/texlive/texmf-dist/fonts/type1/public/amsfonts/cm/cmr7.pfb></usr/share/texlive/texmf-dist/fonts/type1/public/amsfonts/cm/cmsy10.pfb></usr/share/texlive/texmf-dist/fonts/type1/public/amsfonts/cm/cmsy7.pfb></usr/share/texlive/texmf-dist/fonts/type1/public/amsfonts/cm/cmti10.pfb></usr/share/texlive/texmf-dist/fonts/type1/public/amsfonts/cm/cmtt10.pfb>
Output written on writeup.pdf (51 pages, 6672276 bytes).
PDF statistics:
 273 PDF objects out of 1000 (max. 8388607)
 165 compressed objects within 2 object streams
 0 named destinations out of 1000 (max. 500000)
 116 words of extra memory for PDF output out of 10000 (max. 10000000)

